生成启动时间为 2015/8/31 16:45:42。
     1>项目“E:\1my_code\MYSIFT2\MYSIFT2\MYSIFT2.vcxproj”在节点 2 上(rebuild 个目标)。
     1>InitializeBuildStatus:
         正在对“Release\MYSIFT2.unsuccessfulbuild”执行 Touch 任务。
       ClCompile:
         E:\Program Files (x86)\Microsoft Visual Studio 10.0\VC\bin\CL.exe /c /Zi /nologo /W3 /WX- /O2 /Oi /Oy- /GL /D WIN32 /D NDEBUG /D _CONSOLE /D _UNICODE /D UNICODE /Gm- /EHsc /MD /GS /Gy /fp:precise /Zc:wchar_t /Zc:forScope /Yc"StdAfx.h" /Fp"Release\MYSIFT2.pch" /Fo"Release\\" /Fd"Release\vc100.pdb" /Gd /TP /analyze- /errorReport:prompt stdafx.cpp
         stdafx.cpp
         E:\Program Files (x86)\Microsoft Visual Studio 10.0\VC\bin\CL.exe /c /Zi /nologo /W3 /WX- /O2 /Oi /Oy- /GL /D WIN32 /D NDEBUG /D _CONSOLE /D _UNICODE /D UNICODE /Gm- /EHsc /MD /GS /Gy /fp:precise /Zc:wchar_t /Zc:forScope /Yu"StdAfx.h" /Fp"Release\MYSIFT2.pch" /Fo"Release\\" /Fd"Release\vc100.pdb" /Gd /TP /analyze- /errorReport:prompt MYSIFT2.cpp SIFT_Draw.cpp SIFT_Features.cpp SIFT_KDTree.cpp SIFT_Matches.cpp
         MYSIFT2.cpp
     1>E://1my_code//CvvImage//CvvImage.h(5): fatal error C1083: 无法打开包括文件:“opencv2/opencv.hpp”: No such file or directory
         SIFT_Draw.cpp
     1>E://1my_code//CvvImage//CvvImage.h(5): fatal error C1083: 无法打开包括文件:“opencv2/opencv.hpp”: No such file or directory
         SIFT_Features.cpp
     1>E://1my_code//CvvImage//CvvImage.h(5): fatal error C1083: 无法打开包括文件:“opencv2/opencv.hpp”: No such file or directory
         SIFT_KDTree.cpp
     1>E://1my_code//CvvImage//CvvImage.h(5): fatal error C1083: 无法打开包括文件:“opencv2/opencv.hpp”: No such file or directory
         SIFT_Matches.cpp
     1>E://1my_code//CvvImage//CvvImage.h(5): fatal error C1083: 无法打开包括文件:“opencv2/opencv.hpp”: No such file or directory
     1>已完成生成项目“E:\1my_code\MYSIFT2\MYSIFT2\MYSIFT2.vcxproj”(rebuild 个目标)的操作 - 失败。

生成失败。

已用时间 00:00:00.32
