生成启动时间为 2015/9/1 16:09:44。
     1>项目“E:\1my_code\MYSIFT2\MYSIFT2\MYSIFT2.vcxproj”在节点 2 上(build 个目标)。
     1>PrepareForBuild:
         正在创建目录“E:\1my_code\MYSIFT2\x64\Debug\”。
       InitializeBuildStatus:
         正在创建“x64\Debug\MYSIFT2.unsuccessfulbuild”，因为已指定“AlwaysCreate”。
       ClCompile:
         E:\Program Files (x86)\Microsoft Visual Studio 10.0\VC\bin\x86_amd64\CL.exe /c /Zi /nologo /W3 /WX- /Od /D WIN32 /D _DEBUG /D _CONSOLE /D _UNICODE /D UNICODE /Gm /EHsc /RTC1 /MDd /GS /fp:precise /Zc:wchar_t /Zc:forScope /Yc"StdAfx.h" /Fp"x64\Debug\MYSIFT2.pch" /Fo"x64\Debug\\" /Fd"x64\Debug\vc100.pdb" /Gd /TP /errorReport:prompt stdafx.cpp
         stdafx.cpp
         E:\Program Files (x86)\Microsoft Visual Studio 10.0\VC\bin\x86_amd64\CL.exe /c /Zi /nologo /W3 /WX- /Od /D WIN32 /D _DEBUG /D _CONSOLE /D _UNICODE /D UNICODE /Gm /EHsc /RTC1 /MDd /GS /fp:precise /Zc:wchar_t /Zc:forScope /Yu"StdAfx.h" /Fp"x64\Debug\MYSIFT2.pch" /Fo"x64\Debug\\" /Fd"x64\Debug\vc100.pdb" /Gd /TP /errorReport:prompt MYSIFT2.cpp SIFT_Draw.cpp SIFT_Features.cpp SIFT_KDTree.cpp SIFT_Matches.cpp
         SIFT_Matches.cpp
     1>SIFT_Matches.cpp(380): warning C4244: “参数”: 从“double”转换到“int”，可能丢失数据
         SIFT_KDTree.cpp
         SIFT_Features.cpp
     1>SIFT_Features.cpp(49): warning C4244: “=”: 从“double”转换到“float”，可能丢失数据
     1>SIFT_Features.cpp(58): warning C4244: “=”: 从“double”转换到“float”，可能丢失数据
     1>SIFT_Features.cpp(608): warning C4244: “=”: 从“double”转换到“int”，可能丢失数据
     1>SIFT_Features.cpp(670): warning C4244: “=”: 从“double”转换到“int”，可能丢失数据
     1>SIFT_Features.cpp(758): warning C4244: “=”: 从“double”转换到“int”，可能丢失数据
     1>SIFT_Features.cpp(803): warning C4244: “=”: 从“double”转换到“uchar”，可能丢失数据
         SIFT_Draw.cpp
     1>SIFT_Draw.cpp(32): warning C4244: “参数”: 从“double”转换到“int”，可能丢失数据
     1>SIFT_Draw.cpp(32): warning C4244: “参数”: 从“double”转换到“int”，可能丢失数据
     1>SIFT_Draw.cpp(33): warning C4244: “参数”: 从“double”转换到“int”，可能丢失数据
     1>SIFT_Draw.cpp(33): warning C4244: “参数”: 从“double”转换到“int”，可能丢失数据
     1>SIFT_Draw.cpp(34): warning C4244: “参数”: 从“double”转换到“int”，可能丢失数据
     1>SIFT_Draw.cpp(34): warning C4244: “参数”: 从“double”转换到“int”，可能丢失数据
     1>SIFT_Draw.cpp(34): warning C4244: “参数”: 从“double”转换到“int”，可能丢失数据
     1>SIFT_Draw.cpp(34): warning C4244: “参数”: 从“double”转换到“int”，可能丢失数据
     1>SIFT_Draw.cpp(35): warning C4244: “参数”: 从“double”转换到“int”，可能丢失数据
     1>SIFT_Draw.cpp(35): warning C4244: “参数”: 从“double”转换到“int”，可能丢失数据
     1>SIFT_Draw.cpp(35): warning C4244: “参数”: 从“double”转换到“int”，可能丢失数据
     1>SIFT_Draw.cpp(35): warning C4244: “参数”: 从“double”转换到“int”，可能丢失数据
         MYSIFT2.cpp
         Generating Code...
       ManifestResourceCompile:
         C:\Program Files (x86)\Microsoft SDKs\Windows\v7.0A\bin\rc.exe /nologo /fo"x64\Debug\MYSIFT2.exe.embed.manifest.res" x64\Debug\MYSIFT2_manifest.rc 
       Link:
         E:\Program Files (x86)\Microsoft Visual Studio 10.0\VC\bin\x86_amd64\link.exe /ERRORREPORT:PROMPT /OUT:"E:\1my_code\MYSIFT2\x64\Debug\MYSIFT2.exe" /INCREMENTAL /NOLOGO opencv_calib3d249d.lib opencv_contrib249d.lib opencv_core249d.lib opencv_features2d249d.lib opencv_flann249d.lib opencv_gpu249d.lib opencv_highgui249d.lib opencv_imgproc249d.lib opencv_legacy249d.lib opencv_ml249d.lib opencv_nonfree249d.lib opencv_objdetect249d.lib opencv_ocl249d.lib opencv_photo249d.lib opencv_stitching249d.lib opencv_superres249d.lib opencv_ts249d.lib opencv_video249d.lib opencv_videostab249d.lib kernel32.lib user32.lib gdi32.lib winspool.lib comdlg32.lib advapi32.lib shell32.lib ole32.lib oleaut32.lib uuid.lib odbc32.lib odbccp32.lib /MANIFEST /ManifestFile:"x64\Debug\MYSIFT2.exe.intermediate.manifest" /MANIFESTUAC:"level='asInvoker' uiAccess='false'" /DEBUG /PDB:"E:\1my_code\MYSIFT2\x64\Debug\MYSIFT2.pdb" /SUBSYSTEM:CONSOLE /TLBID:1 /DYNAMICBASE /NXCOMPAT /IMPLIB:"E:\1my_code\MYSIFT2\x64\Debug\MYSIFT2.lib" /MACHINE:X64 x64\Debug\MYSIFT2.exe.embed.manifest.res
         x64\Debug\MYSIFT2.obj
         x64\Debug\SIFT_Draw.obj
         x64\Debug\SIFT_Features.obj
         x64\Debug\SIFT_KDTree.obj
         x64\Debug\SIFT_Matches.obj
         x64\Debug\stdafx.obj
     1>opencv_highgui249d.lib(opencv_highgui249d.dll) : fatal error LNK1112: 模块计算机类型“X86”与目标计算机类型“x64”冲突
     1>已完成生成项目“E:\1my_code\MYSIFT2\MYSIFT2\MYSIFT2.vcxproj”(build 个目标)的操作 - 失败。

生成失败。

已用时间 00:00:05.41
