生成启动时间为 2015/9/1 17:35:04。
     1>项目“E:\1my_code\MYSIFT2\MYSIFT2\MYSIFT2.vcxproj”在节点 2 上(build 个目标)。
     1>InitializeBuildStatus:
         正在创建“Debug\MYSIFT2.unsuccessfulbuild”，因为已指定“AlwaysCreate”。
       ClCompile:
         所有输出均为最新。
         E:\Program Files (x86)\Microsoft Visual Studio 10.0\VC\bin\CL.exe /c /Zi /nologo /W3 /WX- /Od /Oy- /D WIN32 /D _DEBUG /D _CONSOLE /D _UNICODE /D UNICODE /Gm /EHsc /RTC1 /MDd /GS /fp:precise /Zc:wchar_t /Zc:forScope /Yu"StdAfx.h" /Fp"Debug\MYSIFT2.pch" /Fo"Debug\\" /Fd"Debug\vc100.pdb" /Gd /TP /analyze- /errorReport:prompt MYSIFT2.cpp
         MYSIFT2.cpp
       ManifestResourceCompile:
         所有输出均为最新。
       Link:
         E:\Program Files (x86)\Microsoft Visual Studio 10.0\VC\bin\link.exe /ERRORREPORT:PROMPT /OUT:"E:\1my_code\MYSIFT2\Debug\MYSIFT2.exe" /INCREMENTAL /NOLOGO opencv_calib3d249d.lib opencv_contrib249d.lib opencv_core249d.lib opencv_features2d249d.lib opencv_flann249d.lib opencv_gpu249d.lib opencv_highgui249d.lib opencv_imgproc249d.lib opencv_legacy249d.lib opencv_ml249d.lib opencv_nonfree249d.lib opencv_objdetect249d.lib opencv_ocl249d.lib opencv_photo249d.lib opencv_stitching249d.lib opencv_superres249d.lib opencv_ts249d.lib opencv_video249d.lib opencv_videostab249d.lib kernel32.lib user32.lib gdi32.lib winspool.lib comdlg32.lib advapi32.lib shell32.lib ole32.lib oleaut32.lib uuid.lib odbc32.lib odbccp32.lib /MANIFEST /ManifestFile:"Debug\MYSIFT2.exe.intermediate.manifest" /MANIFESTUAC:"level='asInvoker' uiAccess='false'" /DEBUG /PDB:"E:\1my_code\MYSIFT2\Debug\MYSIFT2.pdb" /SUBSYSTEM:CONSOLE /TLBID:1 /DYNAMICBASE /NXCOMPAT /IMPLIB:"E:\1my_code\MYSIFT2\Debug\MYSIFT2.lib" /MACHINE:X86 Debug\MYSIFT2.exe.embed.manifest.res
         Debug\MYSIFT2.obj
         Debug\SIFT_Draw.obj
         Debug\SIFT_Features.obj
         Debug\SIFT_KDTree.obj
         Debug\SIFT_Matches.obj
         Debug\stdafx.obj
       Manifest:
         C:\Program Files (x86)\Microsoft SDKs\Windows\v7.0A\bin\mt.exe /nologo /verbose /out:"Debug\MYSIFT2.exe.embed.manifest" /manifest Debug\MYSIFT2.exe.intermediate.manifest
         所有输出均为最新。
       LinkEmbedManifest:
         所有输出均为最新。
         MYSIFT2.vcxproj -> E:\1my_code\MYSIFT2\Debug\MYSIFT2.exe
       FinalizeBuildStatus:
         正在删除文件“Debug\MYSIFT2.unsuccessfulbuild”。
         正在对“Debug\MYSIFT2.lastbuildstate”执行 Touch 任务。
     1>已完成生成项目“E:\1my_code\MYSIFT2\MYSIFT2\MYSIFT2.vcxproj”(build 个目标)的操作。

生成成功。

已用时间 00:00:01.91
