E:\1my_code\MYSIFT2\Debug\MYSIFT2.pdb
E:\1my_code\MYSIFT2\MYSIFT2\Debug\cl.command.1.tlog
E:\1my_code\MYSIFT2\MYSIFT2\Debug\CL.read.1.tlog
E:\1my_code\MYSIFT2\MYSIFT2\Debug\CL.write.1.tlog
E:\1my_code\MYSIFT2\MYSIFT2\Debug\link.7584.read.1.tlog
E:\1my_code\MYSIFT2\MYSIFT2\Debug\link.7584.write.1.tlog
E:\1my_code\MYSIFT2\MYSIFT2\Debug\link.7584-cvtres.read.1.tlog
E:\1my_code\MYSIFT2\MYSIFT2\Debug\link.7584-cvtres.write.1.tlog
E:\1my_code\MYSIFT2\MYSIFT2\Debug\link.9580.read.1.tlog
E:\1my_code\MYSIFT2\MYSIFT2\Debug\link.9580.write.1.tlog
E:\1my_code\MYSIFT2\MYSIFT2\Debug\link.9580-cvtres.read.1.tlog
E:\1my_code\MYSIFT2\MYSIFT2\Debug\link.9580-cvtres.write.1.tlog
E:\1my_code\MYSIFT2\MYSIFT2\Debug\link.command.1.tlog
E:\1my_code\MYSIFT2\MYSIFT2\Debug\link.read.1.tlog
E:\1my_code\MYSIFT2\MYSIFT2\Debug\link.write.1.tlog
E:\1my_code\MYSIFT2\MYSIFT2\Debug\link-cvtres.read.1.tlog
E:\1my_code\MYSIFT2\MYSIFT2\Debug\link-cvtres.write.1.tlog
E:\1my_code\MYSIFT2\MYSIFT2\Debug\mt.command.1.tlog
E:\1my_code\MYSIFT2\MYSIFT2\Debug\mt.read.1.tlog
E:\1my_code\MYSIFT2\MYSIFT2\Debug\mt.write.1.tlog
E:\1MY_CODE\MYSIFT2\MYSIFT2\DEBUG\MYSIFT2.EXE.EMBED.MANIFEST
E:\1MY_CODE\MYSIFT2\MYSIFT2\DEBUG\MYSIFT2.EXE.EMBED.MANIFEST.RES
E:\1my_code\MYSIFT2\MYSIFT2\Debug\MYSIFT2.exe.intermediate.manifest
E:\1MY_CODE\MYSIFT2\MYSIFT2\DEBUG\MYSIFT2.OBJ
E:\1MY_CODE\MYSIFT2\MYSIFT2\DEBUG\MYSIFT2.PCH
E:\1my_code\MYSIFT2\MYSIFT2\Debug\MYSIFT2.write.1.tlog
E:\1my_code\MYSIFT2\MYSIFT2\Debug\MYSIFT2_manifest.rc
E:\1my_code\MYSIFT2\MYSIFT2\Debug\rc.command.1.tlog
E:\1my_code\MYSIFT2\MYSIFT2\Debug\rc.read.1.tlog
E:\1my_code\MYSIFT2\MYSIFT2\Debug\rc.write.1.tlog
E:\1MY_CODE\MYSIFT2\MYSIFT2\DEBUG\SIFT_DRAW.OBJ
E:\1MY_CODE\MYSIFT2\MYSIFT2\DEBUG\SIFT_FEATURES.OBJ
E:\1MY_CODE\MYSIFT2\MYSIFT2\DEBUG\SIFT_KDTREE.OBJ
E:\1MY_CODE\MYSIFT2\MYSIFT2\DEBUG\SIFT_MATCHES.OBJ
E:\1MY_CODE\MYSIFT2\MYSIFT2\DEBUG\STDAFX.OBJ
E:\1my_code\MYSIFT2\MYSIFT2\Debug\vc100.idb
E:\1MY_CODE\MYSIFT2\MYSIFT2\DEBUG\VC100.PDB
